Determining if the pthread_create exist failed with the following output:
Change Dir: /scratch/user/samuli.hirvilampi/project/MPI/CMakeFiles/CMakeTmp

Run Build Command:"/usr/bin/gmake" "cmTC_e01a1/fast"
/usr/bin/gmake -f CMakeFiles/cmTC_e01a1.dir/build.make CMakeFiles/cmTC_e01a1.dir/build
gmake[1]: Entering directory `/scratch/user/samuli.hirvilampi/project/MPI/CMakeFiles/CMakeTmp'
Building C object CMakeFiles/cmTC_e01a1.dir/CheckSymbolExists.c.o
/sw/eb/sw/GCCcore/10.2.0/bin/cc    -o CMakeFiles/cmTC_e01a1.dir/CheckSymbolExists.c.o   -c /scratch/user/samuli.hirvilampi/project/MPI/CMakeFiles/CMakeTmp/CheckSymbolExists.c
Linking C executable cmTC_e01a1
/sw/eb/sw/CMake/3.12.1/bin/cmake -E cmake_link_script CMakeFiles/cmTC_e01a1.dir/link.txt --verbose=1
/sw/eb/sw/GCCcore/10.2.0/bin/cc      CMakeFiles/cmTC_e01a1.dir/CheckSymbolExists.c.o  -o cmTC_e01a1 
CMakeFiles/cmTC_e01a1.dir/CheckSymbolExists.c.o:CheckSymbolExists.c:function main: error: undefined reference to 'pthread_create'
collect2: error: ld returned 1 exit status
gmake[1]: *** [cmTC_e01a1] Error 1
gmake[1]: Leaving directory `/scratch/user/samuli.hirvilampi/project/MPI/CMakeFiles/CMakeTmp'
gmake: *** [cmTC_e01a1/fast] Error 2

File /scratch/user/samuli.hirvilampi/project/MPI/CMakeFiles/CMakeTmp/CheckSymbolExists.c:
/* */
#include <pthread.h>

int main(int argc, char** argv)
{
  (void)argv;
#ifndef pthread_create
  return ((int*)(&pthread_create))[argc];
#else
  (void)argc;
  return 0;
#endif
}

Determining if the function pthread_create exists in the pthreads failed with the following output:
Change Dir: /scratch/user/samuli.hirvilampi/project/MPI/CMakeFiles/CMakeTmp

Run Build Command:"/usr/bin/gmake" "cmTC_11f20/fast"
/usr/bin/gmake -f CMakeFiles/cmTC_11f20.dir/build.make CMakeFiles/cmTC_11f20.dir/build
gmake[1]: Entering directory `/scratch/user/samuli.hirvilampi/project/MPI/CMakeFiles/CMakeTmp'
Building C object CMakeFiles/cmTC_11f20.dir/CheckFunctionExists.c.o
/sw/eb/sw/GCCcore/10.2.0/bin/cc   -DCHECK_FUNCTION_EXISTS=pthread_create   -o CMakeFiles/cmTC_11f20.dir/CheckFunctionExists.c.o   -c /sw/eb/sw/CMake/3.12.1/share/cmake-3.12/Modules/CheckFunctionExists.c
Linking C executable cmTC_11f20
/sw/eb/sw/CMake/3.12.1/bin/cmake -E cmake_link_script CMakeFiles/cmTC_11f20.dir/link.txt --verbose=1
/sw/eb/sw/GCCcore/10.2.0/bin/cc  -DCHECK_FUNCTION_EXISTS=pthread_create    CMakeFiles/cmTC_11f20.dir/CheckFunctionExists.c.o  -o cmTC_11f20 -lpthreads 
/sw/eb/sw/binutils/2.35-GCCcore-10.2.0/bin/ld.gold: error: cannot find -lpthreads
CMakeFiles/cmTC_11f20.dir/CheckFunctionExists.c.o:CheckFunctionExists.c:function main: error: undefined reference to 'pthread_create'
collect2: error: ld returned 1 exit status
gmake[1]: *** [cmTC_11f20] Error 1
gmake[1]: Leaving directory `/scratch/user/samuli.hirvilampi/project/MPI/CMakeFiles/CMakeTmp'
gmake: *** [cmTC_11f20/fast] Error 2


