Determining if the pthread_create exist failed with the following output:
Change Dir: /scratch/user/erichaddad/MPI_Implementation/CMakeFiles/CMakeTmp

Run Build Command:"/usr/bin/gmake" "cmTC_0d351/fast"
/usr/bin/gmake -f CMakeFiles/cmTC_0d351.dir/build.make CMakeFiles/cmTC_0d351.dir/build
gmake[1]: Entering directory `/scratch/user/erichaddad/MPI_Implementation/CMakeFiles/CMakeTmp'
Building C object CMakeFiles/cmTC_0d351.dir/CheckSymbolExists.c.o
/sw/eb/sw/GCCcore/10.2.0/bin/cc    -o CMakeFiles/cmTC_0d351.dir/CheckSymbolExists.c.o   -c /scratch/user/erichaddad/MPI_Implementation/CMakeFiles/CMakeTmp/CheckSymbolExists.c
Linking C executable cmTC_0d351
/sw/eb/sw/CMake/3.12.1/bin/cmake -E cmake_link_script CMakeFiles/cmTC_0d351.dir/link.txt --verbose=1
/sw/eb/sw/GCCcore/10.2.0/bin/cc      CMakeFiles/cmTC_0d351.dir/CheckSymbolExists.c.o  -o cmTC_0d351 
CMakeFiles/cmTC_0d351.dir/CheckSymbolExists.c.o:CheckSymbolExists.c:function main: error: undefined reference to 'pthread_create'
collect2: error: ld returned 1 exit status
gmake[1]: *** [cmTC_0d351] Error 1
gmake[1]: Leaving directory `/scratch/user/erichaddad/MPI_Implementation/CMakeFiles/CMakeTmp'
gmake: *** [cmTC_0d351/fast] Error 2

File /scratch/user/erichaddad/MPI_Implementation/CMakeFiles/CMakeTmp/CheckSymbolExists.c:
/* */
#include <pthread.h>

int main(int argc, char** argv)
{
  (void)argv;
#ifndef pthread_create
  return ((int*)(&pthread_create))[argc];
#else
  (void)argc;
  return 0;
#endif
}

Determining if the function pthread_create exists in the pthreads failed with the following output:
Change Dir: /scratch/user/erichaddad/MPI_Implementation/CMakeFiles/CMakeTmp

Run Build Command:"/usr/bin/gmake" "cmTC_29475/fast"
/usr/bin/gmake -f CMakeFiles/cmTC_29475.dir/build.make CMakeFiles/cmTC_29475.dir/build
gmake[1]: Entering directory `/scratch/user/erichaddad/MPI_Implementation/CMakeFiles/CMakeTmp'
Building C object CMakeFiles/cmTC_29475.dir/CheckFunctionExists.c.o
/sw/eb/sw/GCCcore/10.2.0/bin/cc   -DCHECK_FUNCTION_EXISTS=pthread_create   -o CMakeFiles/cmTC_29475.dir/CheckFunctionExists.c.o   -c /sw/eb/sw/CMake/3.12.1/share/cmake-3.12/Modules/CheckFunctionExists.c
Linking C executable cmTC_29475
/sw/eb/sw/CMake/3.12.1/bin/cmake -E cmake_link_script CMakeFiles/cmTC_29475.dir/link.txt --verbose=1
/sw/eb/sw/GCCcore/10.2.0/bin/cc  -DCHECK_FUNCTION_EXISTS=pthread_create    CMakeFiles/cmTC_29475.dir/CheckFunctionExists.c.o  -o cmTC_29475 -lpthreads 
/sw/eb/sw/binutils/2.35-GCCcore-10.2.0/bin/ld.gold: error: cannot find -lpthreads
CMakeFiles/cmTC_29475.dir/CheckFunctionExists.c.o:CheckFunctionExists.c:function main: error: undefined reference to 'pthread_create'
collect2: error: ld returned 1 exit status
gmake[1]: *** [cmTC_29475] Error 1
gmake[1]: Leaving directory `/scratch/user/erichaddad/MPI_Implementation/CMakeFiles/CMakeTmp'
gmake: *** [cmTC_29475/fast] Error 2


